<?xml version="1.0" encoding="UTF-8"?>
<!-- Generated by org.testng.reporters.JUnitXMLReporter -->
<testsuite hostname="HARIPC" failures="0" tests="1" name="Test2" time="1.326" errors="0" timestamp="14 Feb 2024 13:34:49 GMT">
  <testcase classname="com.Test_Runner.Test_Runner_Class" name="@BeforeClass browser" time="0.0">
    <failure type="java.lang.NullPointerException" message="Cannot invoke &amp;quot;org.openqa.selenium.WebDriver.get(String)&amp;quot; because &amp;quot;com.Base.Base_Class.driver&amp;quot; is null">
      <![CDATA[java.lang.NullPointerException: Cannot invoke "org.openqa.selenium.WebDriver.get(String)" because "com.Base.Base_Class.driver" is null
	at com.Base.Base_Class.launchUrl(Base_Class.java:70)
	at com.Test_Runner.Test_Runner_Class.browser(Test_Runner_Class.java:26)
	at java.base/java.util.concurrent.FutureTask.run(FutureTask.java:264)
	at java.base/java.util.concurrent.ThreadPoolExecutor.runWorker(ThreadPoolExecutor.java:1136)
	at java.base/java.util.concurrent.ThreadPoolExecutor$Worker.run(ThreadPoolExecutor.java:635)
	at java.base/java.lang.Thread.run(Thread.java:842)
... Removed 16 stack frames]]>
    </failure>
  </testcase> <!-- @BeforeClass browser -->
  <testcase classname="com.Test_Runner.Test_Runner_Class" name="@BeforeMethod login" time="0.0">
    <skipped/>
  </testcase> <!-- @BeforeMethod login -->
  <testcase classname="com.Test_Runner.Test_Runner_Class" name="form" time="0.0">
    <skipped/>
  </testcase> <!-- form -->
</testsuite> <!-- Test2 -->
