<?xml version="1.0" encoding="UTF-8"?>
<testng-results total="2" passed="2" failed="0" skipped="0">
  <reporter-output>
  </reporter-output>
  <suite started-at="2024-02-14T19:05:19Z" name="Suite" finished-at="2024-02-14T19:06:08Z" duration-ms="48969">
    <groups>
    </groups>
    <test started-at="2024-02-14T19:05:19Z" name="chromeTest" finished-at="2024-02-14T19:05:42Z" duration-ms="23355">
      <class name="com.Test_Runner.Test_Runner_Class">
        <test-method is-config="true" signature="browser(java.lang.String)[pri:0, instance:com.Test_Runner.Test_Runner_Class@78aab498]" started-at="2024-02-15T00:35:19Z" name="browser" finished-at="2024-02-15T00:35:26Z" duration-ms="7753" status="PASS">
          <params>
            <param index="0">
              <value>
                <![CDATA[chrome]]>
              </value>
            </param>
          </params>
          <reporter-output>
          </reporter-output>
        </test-method> <!-- browser -->
        <test-method is-config="true" signature="login(java.lang.String, java.lang.String)[pri:0, instance:com.Test_Runner.Test_Runner_Class@78aab498]" started-at="2024-02-15T00:35:28Z" name="login" finished-at="2024-02-15T00:35:29Z" duration-ms="1146" status="PASS">
          <params>
            <param index="0">
              <value>
                <![CDATA[Harikrishnan]]>
              </value>
            </param>
            <param index="1">
              <value>
                <![CDATA[Hari@123]]>
              </value>
            </param>
          </params>
          <reporter-output>
          </reporter-output>
        </test-method> <!-- login -->
        <test-method signature="form([Ljava.lang.String;)[pri:0, instance:com.Test_Runner.Test_Runner_Class@78aab498]" started-at="2024-02-15T00:35:29Z" name="form" data-provider="details" finished-at="2024-02-15T00:35:42Z" duration-ms="12514" status="PASS">
          <params>
            <param index="0">
              <value>
                <![CDATA[[Ljava.lang.String;@6f94a5a5]]>
              </value>
            </param>
          </params>
          <reporter-output>
          </reporter-output>
        </test-method> <!-- form -->
      </class> <!-- com.Test_Runner.Test_Runner_Class -->
    </test> <!-- chromeTest -->
    <test started-at="2024-02-14T19:05:42Z" name="fireFox" finished-at="2024-02-14T19:06:08Z" duration-ms="25590">
      <class name="com.Test_Runner.Test_Runner_Class">
        <test-method is-config="true" signature="browser(java.lang.String)[pri:0, instance:com.Test_Runner.Test_Runner_Class@433d61fb]" started-at="2024-02-15T00:35:42Z" name="browser" finished-at="2024-02-15T00:35:53Z" duration-ms="11228" status="PASS">
          <params>
            <param index="0">
              <value>
                <![CDATA[firefox]]>
              </value>
            </param>
          </params>
          <reporter-output>
          </reporter-output>
        </test-method> <!-- browser -->
        <test-method is-config="true" signature="login(java.lang.String, java.lang.String)[pri:0, instance:com.Test_Runner.Test_Runner_Class@433d61fb]" started-at="2024-02-15T00:35:53Z" name="login" finished-at="2024-02-15T00:35:54Z" duration-ms="631" status="PASS">
          <params>
            <param index="0">
              <value>
                <![CDATA[Harikrishnan]]>
              </value>
            </param>
            <param index="1">
              <value>
                <![CDATA[Hari@123]]>
              </value>
            </param>
          </params>
          <reporter-output>
          </reporter-output>
        </test-method> <!-- login -->
        <test-method signature="form([Ljava.lang.String;)[pri:0, instance:com.Test_Runner.Test_Runner_Class@433d61fb]" started-at="2024-02-15T00:35:54Z" name="form" data-provider="details" finished-at="2024-02-15T00:36:08Z" duration-ms="13595" status="PASS">
          <params>
            <param index="0">
              <value>
                <![CDATA[[Ljava.lang.String;@58606c91]]>
              </value>
            </param>
          </params>
          <reporter-output>
          </reporter-output>
        </test-method> <!-- form -->
      </class> <!-- com.Test_Runner.Test_Runner_Class -->
    </test> <!-- fireFox -->
  </suite> <!-- Suite -->
</testng-results>
